<?xml version="1.0" encoding="UTF-8"?>
<testsuite xmlns:xsi="http://www.w3.org/2001/XMLSchema-instance" xsi:noNamespaceSchemaLocation="https://maven.apache.org/surefire/maven-surefire-plugin/xsd/surefire-test-report.xsd" name="testApp.TestAppTest" time="3.428" tests="5" errors="0" skipped="0" failures="0">
  <properties>
[...]
</properties>
  <testcase name="testAll[1][1]" classname="testApp.TestAppTest" time="0.942"/>
  <testcase name="testAll[1][2]" classname="testApp.TestAppTest" time="0.374"/>
  <testcase name="testAll[1][3]" classname="testApp.TestAppTest" time="0.949"/>
  <testcase name="testAll[2][1]" classname="testApp.TestAppTest" time="0.325"/>
  <testcase name="testAll[2][2]" classname="testApp.TestAppTest" time="0.36"/>
</testsuite>